2014-08-25 15:52:03 - PHP Notice:  Undefined variable: entry_example in C:\Program Files (x86)\Apache Software Foundation\Apache2.2\htdocs\opencart\admin\view\template\module\myExchange.tpl on line 20
2014-08-25 15:52:03 - PHP Notice:  Undefined variable: entry_limit in C:\Program Files (x86)\Apache Software Foundation\Apache2.2\htdocs\opencart\admin\view\template\module\myExchange.tpl on line 27
2014-08-25 15:52:03 - PHP Notice:  Undefined variable: entry_image in C:\Program Files (x86)\Apache Software Foundation\Apache2.2\htdocs\opencart\admin\view\template\module\myExchange.tpl on line 28
2014-08-25 15:57:40 - PHP Notice:  Undefined variable: entry_example in C:\Program Files (x86)\Apache Software Foundation\Apache2.2\htdocs\opencart\admin\view\template\module\myExchange.tpl on line 20
2014-08-25 15:57:40 - PHP Notice:  Undefined variable: entry_limit in C:\Program Files (x86)\Apache Software Foundation\Apache2.2\htdocs\opencart\admin\view\template\module\myExchange.tpl on line 27
2014-08-25 15:57:40 - PHP Notice:  Undefined variable: entry_image in C:\Program Files (x86)\Apache Software Foundation\Apache2.2\htdocs\opencart\admin\view\template\module\myExchange.tpl on line 28
2014-08-25 15:57:50 - PHP Notice:  Undefined variable: entry_example in C:\Program Files (x86)\Apache Software Foundation\Apache2.2\htdocs\opencart\admin\view\template\module\myExchange.tpl on line 20
2014-08-25 15:57:50 - PHP Notice:  Undefined variable: entry_limit in C:\Program Files (x86)\Apache Software Foundation\Apache2.2\htdocs\opencart\admin\view\template\module\myExchange.tpl on line 27
2014-08-25 15:57:50 - PHP Notice:  Undefined variable: entry_image in C:\Program Files (x86)\Apache Software Foundation\Apache2.2\htdocs\opencart\admin\view\template\module\myExchange.tpl on line 28
2014-08-25 16:04:38 - PHP Notice:  Undefined variable: entry_example in C:\Program Files (x86)\Apache Software Foundation\Apache2.2\htdocs\opencart\admin\view\template\module\myExchange.tpl on line 20
2014-08-25 16:04:38 - PHP Notice:  Undefined variable: entry_limit in C:\Program Files (x86)\Apache Software Foundation\Apache2.2\htdocs\opencart\admin\view\template\module\myExchange.tpl on line 27
2014-08-25 16:04:38 - PHP Notice:  Undefined variable: entry_image in C:\Program Files (x86)\Apache Software Foundation\Apache2.2\htdocs\opencart\admin\view\template\module\myExchange.tpl on line 28
2014-08-25 16:09:31 - PHP Notice:  Undefined variable: entry_example in C:\Program Files (x86)\Apache Software Foundation\Apache2.2\htdocs\opencart\admin\view\template\module\myExchange.tpl on line 20
2014-08-25 16:09:31 - PHP Notice:  Undefined variable: entry_limit in C:\Program Files (x86)\Apache Software Foundation\Apache2.2\htdocs\opencart\admin\view\template\module\myExchange.tpl on line 27
2014-08-25 16:09:31 - PHP Notice:  Undefined variable: entry_image in C:\Program Files (x86)\Apache Software Foundation\Apache2.2\htdocs\opencart\admin\view\template\module\myExchange.tpl on line 28
2014-08-25 16:09:42 - PHP Notice:  Undefined variable: entry_example in C:\Program Files (x86)\Apache Software Foundation\Apache2.2\htdocs\opencart\admin\view\template\module\myExchange.tpl on line 20
2014-08-25 16:09:42 - PHP Notice:  Undefined variable: entry_limit in C:\Program Files (x86)\Apache Software Foundation\Apache2.2\htdocs\opencart\admin\view\template\module\myExchange.tpl on line 27
2014-08-25 16:09:42 - PHP Notice:  Undefined variable: entry_image in C:\Program Files (x86)\Apache Software Foundation\Apache2.2\htdocs\opencart\admin\view\template\module\myExchange.tpl on line 28
2014-08-27 9:19:20 - PHP Notice:  Undefined variable: module_row in C:\Program Files (x86)\Apache Software Foundation\Apache2.2\htdocs\opencart\admin\view\template\module\myExchange.tpl on line 29
2014-08-27 9:22:23 - PHP Notice:  Undefined variable: module_row in C:\Program Files (x86)\Apache Software Foundation\Apache2.2\htdocs\opencart\admin\view\template\module\myExchange.tpl on line 30
2014-08-27 9:23:35 - PHP Notice:  Undefined variable: entry_load in C:\Program Files (x86)\Apache Software Foundation\Apache2.2\htdocs\opencart\admin\view\template\module\myExchange.tpl on line 20
2014-08-27 9:23:35 - PHP Notice:  Undefined variable: module_row in C:\Program Files (x86)\Apache Software Foundation\Apache2.2\htdocs\opencart\admin\view\template\module\myExchange.tpl on line 30
2014-08-27 9:23:58 - PHP Notice:  Undefined variable: entry_load in C:\Program Files (x86)\Apache Software Foundation\Apache2.2\htdocs\opencart\admin\view\template\module\myExchange.tpl on line 20
2014-08-27 9:23:58 - PHP Notice:  Undefined variable: module_row in C:\Program Files (x86)\Apache Software Foundation\Apache2.2\htdocs\opencart\admin\view\template\module\myExchange.tpl on line 30
2014-08-27 9:24:33 - PHP Notice:  Undefined variable: entry_load in C:\Program Files (x86)\Apache Software Foundation\Apache2.2\htdocs\opencart\admin\view\template\module\myExchange.tpl on line 20
2014-08-27 9:24:33 - PHP Notice:  Undefined variable: module_row in C:\Program Files (x86)\Apache Software Foundation\Apache2.2\htdocs\opencart\admin\view\template\module\myExchange.tpl on line 30
2014-08-27 9:26:19 - PHP Notice:  Undefined variable: button_upload in C:\Program Files (x86)\Apache Software Foundation\Apache2.2\htdocs\opencart\admin\view\template\module\myExchange.tpl on line 20
2014-08-27 9:26:19 - PHP Notice:  Undefined variable: module_row in C:\Program Files (x86)\Apache Software Foundation\Apache2.2\htdocs\opencart\admin\view\template\module\myExchange.tpl on line 30
2014-08-27 9:31:31 - PHP Notice:  Undefined variable: upload in C:\Program Files (x86)\Apache Software Foundation\Apache2.2\htdocs\opencart\admin\view\template\module\myExchange.tpl on line 20
2014-08-27 9:31:31 - PHP Notice:  Undefined variable: module_row in C:\Program Files (x86)\Apache Software Foundation\Apache2.2\htdocs\opencart\admin\view\template\module\myExchange.tpl on line 30
2014-08-27 9:34:25 - PHP Notice:  Undefined variable: entry_upload in C:\Program Files (x86)\Apache Software Foundation\Apache2.2\htdocs\opencart\admin\view\template\module\myExchange.tpl on line 20
2014-08-27 9:34:25 - PHP Notice:  Undefined variable: module_row in C:\Program Files (x86)\Apache Software Foundation\Apache2.2\htdocs\opencart\admin\view\template\module\myExchange.tpl on line 30
2014-08-27 9:35:25 - PHP Notice:  Undefined variable: module_row in C:\Program Files (x86)\Apache Software Foundation\Apache2.2\htdocs\opencart\admin\view\template\module\myExchange.tpl on line 30
2014-08-27 9:35:25 - PHP Notice:  Undefined variable: text_content_top in C:\Program Files (x86)\Apache Software Foundation\Apache2.2\htdocs\opencart\admin\view\template\module\myExchange.tpl on line 43
2014-08-27 9:35:25 - PHP Notice:  Undefined variable: text_content_bottom in C:\Program Files (x86)\Apache Software Foundation\Apache2.2\htdocs\opencart\admin\view\template\module\myExchange.tpl on line 44
2014-08-27 9:35:25 - PHP Notice:  Undefined variable: text_column_left in C:\Program Files (x86)\Apache Software Foundation\Apache2.2\htdocs\opencart\admin\view\template\module\myExchange.tpl on line 45
2014-08-27 9:35:25 - PHP Notice:  Undefined variable: text_column_right in C:\Program Files (x86)\Apache Software Foundation\Apache2.2\htdocs\opencart\admin\view\template\module\myExchange.tpl on line 46
2014-08-27 9:35:25 - PHP Notice:  Undefined variable: text_enabled in C:\Program Files (x86)\Apache Software Foundation\Apache2.2\htdocs\opencart\admin\view\template\module\myExchange.tpl on line 49
2014-08-27 9:35:25 - PHP Notice:  Undefined variable: text_disabled in C:\Program Files (x86)\Apache Software Foundation\Apache2.2\htdocs\opencart\admin\view\template\module\myExchange.tpl on line 50
2014-08-27 9:35:40 - PHP Notice:  Undefined variable: module_row in C:\Program Files (x86)\Apache Software Foundation\Apache2.2\htdocs\opencart\admin\view\template\module\myExchange.tpl on line 30
2014-08-27 9:35:40 - PHP Notice:  Undefined variable: text_content_top in C:\Program Files (x86)\Apache Software Foundation\Apache2.2\htdocs\opencart\admin\view\template\module\myExchange.tpl on line 43
2014-08-27 9:35:40 - PHP Notice:  Undefined variable: text_content_bottom in C:\Program Files (x86)\Apache Software Foundation\Apache2.2\htdocs\opencart\admin\view\template\module\myExchange.tpl on line 44
2014-08-27 9:35:40 - PHP Notice:  Undefined variable: text_column_left in C:\Program Files (x86)\Apache Software Foundation\Apache2.2\htdocs\opencart\admin\view\template\module\myExchange.tpl on line 45
2014-08-27 9:35:40 - PHP Notice:  Undefined variable: text_column_right in C:\Program Files (x86)\Apache Software Foundation\Apache2.2\htdocs\opencart\admin\view\template\module\myExchange.tpl on line 46
2014-08-27 9:35:40 - PHP Notice:  Undefined variable: text_enabled in C:\Program Files (x86)\Apache Software Foundation\Apache2.2\htdocs\opencart\admin\view\template\module\myExchange.tpl on line 49
2014-08-27 9:35:40 - PHP Notice:  Undefined variable: text_disabled in C:\Program Files (x86)\Apache Software Foundation\Apache2.2\htdocs\opencart\admin\view\template\module\myExchange.tpl on line 50
2014-08-27 9:37:10 - PHP Notice:  Undefined variable: module_row in C:\Program Files (x86)\Apache Software Foundation\Apache2.2\htdocs\opencart\admin\view\template\module\myExchange.tpl on line 30
2014-08-27 9:37:10 - PHP Notice:  Undefined variable: text_content_top in C:\Program Files (x86)\Apache Software Foundation\Apache2.2\htdocs\opencart\admin\view\template\module\myExchange.tpl on line 43
2014-08-27 9:37:10 - PHP Notice:  Undefined variable: text_content_bottom in C:\Program Files (x86)\Apache Software Foundation\Apache2.2\htdocs\opencart\admin\view\template\module\myExchange.tpl on line 44
2014-08-27 9:37:10 - PHP Notice:  Undefined variable: text_column_left in C:\Program Files (x86)\Apache Software Foundation\Apache2.2\htdocs\opencart\admin\view\template\module\myExchange.tpl on line 45
2014-08-27 9:37:10 - PHP Notice:  Undefined variable: text_column_right in C:\Program Files (x86)\Apache Software Foundation\Apache2.2\htdocs\opencart\admin\view\template\module\myExchange.tpl on line 46
2014-08-27 9:37:10 - PHP Notice:  Undefined variable: text_enabled in C:\Program Files (x86)\Apache Software Foundation\Apache2.2\htdocs\opencart\admin\view\template\module\myExchange.tpl on line 49
2014-08-27 9:37:10 - PHP Notice:  Undefined variable: text_disabled in C:\Program Files (x86)\Apache Software Foundation\Apache2.2\htdocs\opencart\admin\view\template\module\myExchange.tpl on line 50
2014-08-27 9:37:25 - PHP Notice:  Undefined variable: module_row in C:\Program Files (x86)\Apache Software Foundation\Apache2.2\htdocs\opencart\admin\view\template\module\myExchange.tpl on line 30
2014-08-27 9:37:25 - PHP Notice:  Undefined variable: text_content_top in C:\Program Files (x86)\Apache Software Foundation\Apache2.2\htdocs\opencart\admin\view\template\module\myExchange.tpl on line 43
2014-08-27 9:37:25 - PHP Notice:  Undefined variable: text_content_bottom in C:\Program Files (x86)\Apache Software Foundation\Apache2.2\htdocs\opencart\admin\view\template\module\myExchange.tpl on line 44
2014-08-27 9:37:25 - PHP Notice:  Undefined variable: text_column_left in C:\Program Files (x86)\Apache Software Foundation\Apache2.2\htdocs\opencart\admin\view\template\module\myExchange.tpl on line 45
2014-08-27 9:37:25 - PHP Notice:  Undefined variable: text_column_right in C:\Program Files (x86)\Apache Software Foundation\Apache2.2\htdocs\opencart\admin\view\template\module\myExchange.tpl on line 46
2014-08-27 9:37:25 - PHP Notice:  Undefined variable: text_enabled in C:\Program Files (x86)\Apache Software Foundation\Apache2.2\htdocs\opencart\admin\view\template\module\myExchange.tpl on line 49
2014-08-27 9:37:25 - PHP Notice:  Undefined variable: text_disabled in C:\Program Files (x86)\Apache Software Foundation\Apache2.2\htdocs\opencart\admin\view\template\module\myExchange.tpl on line 50
2014-08-27 9:38:38 - PHP Notice:  Undefined variable: module_row in C:\Program Files (x86)\Apache Software Foundation\Apache2.2\htdocs\opencart\admin\view\template\module\myExchange.tpl on line 26
2014-08-27 9:38:38 - PHP Notice:  Undefined variable: text_content_top in C:\Program Files (x86)\Apache Software Foundation\Apache2.2\htdocs\opencart\admin\view\template\module\myExchange.tpl on line 39
2014-08-27 9:38:38 - PHP Notice:  Undefined variable: text_content_bottom in C:\Program Files (x86)\Apache Software Foundation\Apache2.2\htdocs\opencart\admin\view\template\module\myExchange.tpl on line 40
2014-08-27 9:38:38 - PHP Notice:  Undefined variable: text_column_left in C:\Program Files (x86)\Apache Software Foundation\Apache2.2\htdocs\opencart\admin\view\template\module\myExchange.tpl on line 41
2014-08-27 9:38:38 - PHP Notice:  Undefined variable: text_column_right in C:\Program Files (x86)\Apache Software Foundation\Apache2.2\htdocs\opencart\admin\view\template\module\myExchange.tpl on line 42
2014-08-27 9:38:38 - PHP Notice:  Undefined variable: text_enabled in C:\Program Files (x86)\Apache Software Foundation\Apache2.2\htdocs\opencart\admin\view\template\module\myExchange.tpl on line 45
2014-08-27 9:38:38 - PHP Notice:  Undefined variable: text_disabled in C:\Program Files (x86)\Apache Software Foundation\Apache2.2\htdocs\opencart\admin\view\template\module\myExchange.tpl on line 46
2014-08-27 10:22:10 - PHP Notice:  Undefined variable: text_success in C:\Program Files (x86)\Apache Software Foundation\Apache2.2\htdocs\opencart\admin\view\template\module\myExchange.tpl on line 11
2014-08-27 10:24:54 - PHP Notice:  Undefined index: uploadfile in C:\Program Files (x86)\Apache Software Foundation\Apache2.2\htdocs\opencart\admin\controller\module\myExchange.php on line 12
2014-08-27 10:24:54 - PHP Warning:  copy() [<a href='function.copy'>function.copy</a>]: Filename cannot be empty in C:\Program Files (x86)\Apache Software Foundation\Apache2.2\htdocs\opencart\admin\controller\module\myExchange.php on line 12
2014-08-27 10:24:54 - PHP Notice:  Undefined variable: text_success in C:\Program Files (x86)\Apache Software Foundation\Apache2.2\htdocs\opencart\admin\view\template\module\myExchange.tpl on line 11
2014-08-27 10:28:03 - PHP Notice:  Undefined variable: text_success in C:\Program Files (x86)\Apache Software Foundation\Apache2.2\htdocs\opencart\admin\view\template\module\myExchange.tpl on line 11
2014-08-27 10:30:03 - PHP Notice:  Undefined variable: text_success in C:\Program Files (x86)\Apache Software Foundation\Apache2.2\htdocs\opencart\admin\view\template\module\myExchange.tpl on line 11
2014-08-27 10:31:17 - PHP Warning:  move_uploaded_file() [<a href='function.move-uploaded-file'>function.move-uploaded-file</a>]: The second argument to copy() function cannot be a directory in C:\Program Files (x86)\Apache Software Foundation\Apache2.2\htdocs\opencart\admin\controller\module\myExchange.php on line 12
2014-08-27 10:31:17 - PHP Warning:  move_uploaded_file() [<a href='function.move-uploaded-file'>function.move-uploaded-file</a>]: Unable to move 'C:\Windows\Temp\phpAEAD.tmp' to 'C:\Program Files (x86)\Apache Software Foundation\Apache2.2\htdocs\opencart/download/' in C:\Program Files (x86)\Apache Software Foundation\Apache2.2\htdocs\opencart\admin\controller\module\myExchange.php on line 12
2014-08-27 10:42:44 - PHP Notice:  Undefined index: uploadfile in C:\Program Files (x86)\Apache Software Foundation\Apache2.2\htdocs\opencart\admin\controller\module\myExchange.php on line 12
2014-08-27 10:47:28 - PHP Warning:  copy() [<a href='function.copy'>function.copy</a>]: The second argument to copy() function cannot be a directory in C:\Program Files (x86)\Apache Software Foundation\Apache2.2\htdocs\opencart\admin\controller\module\myExchange.php on line 12
2014-08-27 10:49:37 - PHP Warning:  copy() [<a href='function.copy'>function.copy</a>]: Filename cannot be empty in C:\Program Files (x86)\Apache Software Foundation\Apache2.2\htdocs\opencart\admin\controller\module\myExchange.php on line 12
2014-08-27 10:55:58 - PHP Notice:  Undefined index: uploadfile in C:\Program Files (x86)\Apache Software Foundation\Apache2.2\htdocs\opencart\admin\controller\module\myExchange.php on line 11
