23.08.2014 14:19:04  ===============================================
23.08.2014 14:19:04  eClient
23.08.2014 14:19:53  ¬ход в систему выполнен успешно
23.08.2014 14:19:53  refreshData: entry
23.08.2014 14:19:53  Refresh documents
23.08.2014 14:19:53  refreshDocumentList: complete: 30
23.08.2014 14:22:53  refreshData: entry
23.08.2014 14:25:53  refreshData: entry
23.08.2014 14:28:54  refreshData: entry
23.08.2014 14:31:54  refreshData: entry
23.08.2014 14:34:54  refreshData: entry
23.08.2014 14:37:54  refreshData: entry
23.08.2014 14:40:54  refreshData: entry
23.08.2014 14:43:54  refreshData: entry
23.08.2014 14:46:54  refreshData: entry
23.08.2014 14:49:54  refreshData: entry
23.08.2014 14:53:41  refreshData: entry
23.08.2014 14:54:14  ===============================================
23.08.2014 14:54:14  eClient
23.08.2014 14:54:15  ¬ход в систему выполнен успешно
23.08.2014 14:54:15  refreshData: entry
23.08.2014 14:54:15  Refresh documents
23.08.2014 14:54:15  refreshDocumentList: complete: 30
23.08.2014 14:57:16  refreshData: entry
23.08.2014 15:00:16  refreshData: entry
23.08.2014 15:03:16  refreshData: entry
23.08.2014 15:06:16  refreshData: entry
23.08.2014 15:09:16  refreshData: entry
23.08.2014 15:12:16  refreshData: entry
23.08.2014 15:15:16  refreshData: entry
23.08.2014 15:18:16  refreshData: entry
23.08.2014 15:20:45  ===============================================
23.08.2014 15:20:45  eClient
23.08.2014 15:20:46  ¬ход в систему выполнен успешно
23.08.2014 15:20:46  refreshData: entry
23.08.2014 15:20:46  Refresh documents
23.08.2014 15:20:46  refreshDocumentList: complete: 30
23.08.2014 15:23:46  refreshData: entry
23.08.2014 15:26:47  refreshData: entry
23.08.2014 15:29:47  refreshData: entry
23.08.2014 15:32:47  refreshData: entry
23.08.2014 15:35:47  refreshData: entry
23.08.2014 15:38:47  refreshData: entry
23.08.2014 15:41:47  refreshData: entry
23.08.2014 15:44:47  refreshData: entry
23.08.2014 15:47:47  refreshData: entry
23.08.2014 15:50:47  refreshData: entry
23.08.2014 16:56:55  refreshData: entry
23.08.2014 16:57:17  ===============================================
23.08.2014 16:57:17  eClient
23.08.2014 16:57:17  ¬ход в систему выполнен успешно
23.08.2014 16:57:18  refreshData: entry
23.08.2014 16:57:18  Refresh documents
23.08.2014 16:57:18  refreshDocumentList: complete: 30
23.08.2014 17:00:18  refreshData: entry
23.08.2014 17:03:18  refreshData: entry
23.08.2014 17:06:18  refreshData: entry
23.08.2014 17:09:18  refreshData: entry
23.08.2014 17:12:18  refreshData: entry
23.08.2014 17:15:18  refreshData: entry
23.08.2014 17:18:18  refreshData: entry
23.08.2014 17:21:18  refreshData: entry
23.08.2014 17:24:18  refreshData: entry
23.08.2014 17:27:18  refreshData: entry
23.08.2014 17:52:32  refreshData: entry
23.08.2014 17:52:51  ===============================================
23.08.2014 17:52:51  eClient
23.08.2014 17:52:52  ¬ход в систему выполнен успешно
23.08.2014 17:52:52  refreshData: entry
23.08.2014 17:52:52  Refresh documents
23.08.2014 17:52:52  refreshDocumentList: complete: 30
23.08.2014 19:06:44  ===============================================
23.08.2014 19:06:44  eClient
23.08.2014 19:06:45  ¬ход в систему выполнен успешно
23.08.2014 19:06:45  refreshData: entry
23.08.2014 19:06:45  Refresh documents
23.08.2014 19:06:45  refreshDocumentList: complete: 30
23.08.2014 19:09:45  refreshData: entry
23.08.2014 19:12:45  refreshData: entry
23.08.2014 19:15:45  refreshData: entry
23.08.2014 19:18:45  refreshData: entry
23.08.2014 19:21:46  refreshData: entry
23.08.2014 19:24:46  refreshData: entry
23.08.2014 19:27:46  refreshData: entry
23.08.2014 19:30:46  refreshData: entry
23.08.2014 19:33:46  refreshData: entry
23.08.2014 19:36:46  refreshData: entry
23.08.2014 19:39:46  refreshData: entry
23.08.2014 19:42:46  refreshData: entry
23.08.2014 19:45:46  refreshData: entry
23.08.2014 19:48:46  refreshData: entry
23.08.2014 19:51:46  refreshData: entry
23.08.2014 19:54:46  refreshData: entry
23.08.2014 19:57:46  refreshData: entry
24.08.2014 2:12:53  refreshData: entry
24.08.2014 2:12:57  ERROR: Ping: Lost connection to MySQL server during query
Socket error on read. WSAGetLastError return 10054($2746)
